<?xml version="1.0" encoding="UTF-8"?>
<!-- Generated by org.testng.reporters.JUnitReportReporter -->
<testsuite skipped="0" hostname="LAPTOP-4ARH164U" name="mavenproject.RESTAPITest" tests="2" failures="0" timestamp="20 Jan 2021 15:41:09 GMT" time="0.000" errors="0">
  <testcase name="postJira" time="0.000" classname="mavenproject.RESTAPITest"/>
  <testcase name="deleteTwitter" time="0.000" classname="mavenproject.RESTAPITest"/>
</testsuite> <!-- mavenproject.RESTAPITest -->
